  Shooter.cpp
c:\users\вольдемар\desktop\2d_shootercpp\game\game\shooter.cpp(52): warning C4244: аргумент: преобразование "int" в "T", возможна потеря данных
          with
          [
              T=float
          ]
c:\users\вольдемар\desktop\2d_shootercpp\game\game\shooter.cpp(89): warning C4244: *=: преобразование "double" в "T", возможна потеря данных
          with
          [
              T=float
          ]
c:\users\вольдемар\desktop\2d_shootercpp\game\game\shooter.cpp(90): warning C4244: *=: преобразование "double" в "T", возможна потеря данных
          with
          [
              T=float
          ]
c:\users\вольдемар\desktop\2d_shootercpp\game\game\shooter.cpp(161): warning C4244: =: преобразование "float" в "int", возможна потеря данных
c:\users\вольдемар\desktop\2d_shootercpp\game\game\shooter.cpp(343): warning C4996: 'sf::Text::setColor': объявлен deprecate
  c:\users\вольдемар\desktop\2d_shootercpp\game\packages\sfml_system.2.5.1\build\native\include\sfml\graphics\text.hpp(210): note:  см. объявление "sf::Text::setColor"
c:\users\вольдемар\desktop\2d_shootercpp\game\game\shooter.cpp(346): warning C4996: 'sf::Text::setColor': объявлен deprecate
  c:\users\вольдемар\desktop\2d_shootercpp\game\packages\sfml_system.2.5.1\build\native\include\sfml\graphics\text.hpp(210): note:  см. объявление "sf::Text::setColor"
c:\users\вольдемар\desktop\2d_shootercpp\game\game\shooter.cpp(349): warning C4996: 'sf::Text::setColor': объявлен deprecate
  c:\users\вольдемар\desktop\2d_shootercpp\game\packages\sfml_system.2.5.1\build\native\include\sfml\graphics\text.hpp(210): note:  см. объявление "sf::Text::setColor"
c:\users\вольдемар\desktop\2d_shootercpp\game\game\shooter.cpp(360): warning C4996: 'sf::Text::setColor': объявлен deprecate
  c:\users\вольдемар\desktop\2d_shootercpp\game\packages\sfml_system.2.5.1\build\native\include\sfml\graphics\text.hpp(210): note:  см. объявление "sf::Text::setColor"
c:\users\вольдемар\desktop\2d_shootercpp\game\game\shooter.cpp(365): warning C4996: 'sf::Text::setColor': объявлен deprecate
  c:\users\вольдемар\desktop\2d_shootercpp\game\packages\sfml_system.2.5.1\build\native\include\sfml\graphics\text.hpp(210): note:  см. объявление "sf::Text::setColor"
c:\users\вольдемар\desktop\2d_shootercpp\game\game\shooter.cpp(406): warning C4996: 'fscanf': This function or variable may be unsafe. Consider using fscanf_s instead. To disable deprecation, use _CRT_SECURE_NO_WARNINGS. See online help for details.
  c:\program files (x86)\windows kits\10\include\10.0.17763.0\ucrt\stdio.h(1197): note:  см. объявление "fscanf"
c:\users\вольдемар\desktop\2d_shootercpp\game\game\shooter.cpp(558): warning C4018: <: несоответствие типов со знаком и без знака
c:\users\вольдемар\desktop\2d_shootercpp\game\game\shooter.cpp(565): warning C4244: аргумент: преобразование "int" в "float", возможна потеря данных
c:\users\вольдемар\desktop\2d_shootercpp\game\game\shooter.cpp(571): warning C4018: <: несоответствие типов со знаком и без знака
c:\users\вольдемар\desktop\2d_shootercpp\game\game\shooter.cpp(582): warning C4244: аргумент: преобразование "time_t" в "unsigned int", возможна потеря данных
c:\users\вольдемар\desktop\2d_shootercpp\game\game\shooter.cpp(600): warning C4244: аргумент: преобразование "const int" в "T", возможна потеря данных
          with
          [
              T=float
          ]
c:\users\вольдемар\desktop\2d_shootercpp\game\game\shooter.cpp(616): warning C4244: аргумент: преобразование "const int" в "T", возможна потеря данных
          with
          [
              T=float
          ]
c:\users\вольдемар\desktop\2d_shootercpp\game\game\shooter.cpp(629): warning C4244: *=: преобразование "double" в "T", возможна потеря данных
          with
          [
              T=float
          ]
c:\users\вольдемар\desktop\2d_shootercpp\game\game\shooter.cpp(630): warning C4244: *=: преобразование "double" в "T", возможна потеря данных
          with
          [
              T=float
          ]
c:\users\вольдемар\desktop\2d_shootercpp\game\game\shooter.cpp(731): warning C4244: аргумент: преобразование "time_t" в "unsigned int", возможна потеря данных
  Game.vcxproj -> C:\Users\Вольдемар\Desktop\2D_ShooterCpp\Game\Debug\Game.exe
