c:\users\вольдемар\desktop\2d_shootercpp\game\game\debug\vc141.pdb
c:\users\вольдемар\desktop\2d_shootercpp\game\game\debug\vc141.idb
c:\users\вольдемар\desktop\2d_shootercpp\game\game\debug\shooter.obj
c:\users\вольдемар\desktop\2d_shootercpp\game\debug\game.pdb
c:\users\вольдемар\desktop\2d_shootercpp\game\game\debug\game.tlog\cl.command.1.tlog
c:\users\вольдемар\desktop\2d_shootercpp\game\game\debug\game.tlog\cl.read.1.tlog
c:\users\вольдемар\desktop\2d_shootercpp\game\game\debug\game.tlog\cl.write.1.tlog
c:\users\вольдемар\desktop\2d_shootercpp\game\game\debug\game.tlog\link-cvtres.read.1.tlog
c:\users\вольдемар\desktop\2d_shootercpp\game\game\debug\game.tlog\link-cvtres.write.1.tlog
c:\users\вольдемар\desktop\2d_shootercpp\game\game\debug\game.tlog\link-rc.read.1.tlog
c:\users\вольдемар\desktop\2d_shootercpp\game\game\debug\game.tlog\link-rc.write.1.tlog
c:\users\вольдемар\desktop\2d_shootercpp\game\game\debug\game.tlog\link.5564-cvtres.read.1.tlog
c:\users\вольдемар\desktop\2d_shootercpp\game\game\debug\game.tlog\link.5564-cvtres.write.1.tlog
c:\users\вольдемар\desktop\2d_shootercpp\game\game\debug\game.tlog\link.5564-rc.read.1.tlog
c:\users\вольдемар\desktop\2d_shootercpp\game\game\debug\game.tlog\link.5564-rc.write.1.tlog
c:\users\вольдемар\desktop\2d_shootercpp\game\game\debug\game.tlog\link.5564.read.1.tlog
c:\users\вольдемар\desktop\2d_shootercpp\game\game\debug\game.tlog\link.5564.write.1.tlog
c:\users\вольдемар\desktop\2d_shootercpp\game\game\debug\game.tlog\link.command.1.tlog
c:\users\вольдемар\desktop\2d_shootercpp\game\game\debug\game.tlog\link.read.1.tlog
c:\users\вольдемар\desktop\2d_shootercpp\game\game\debug\game.tlog\link.write.1.tlog
